Simulation begun at: Sat Jun 20 12:54:41 2020
Procrystal Monte Carlo
Written By: David OM, Wilson Group, 2019
------------------------------------------------------------
Reading input file parameters
    Reading procrystal parameters
        Lattice type: tri
        Node coordination: 3
        Link pattern selected
        Lattice dimension: 8
    Reading Monte Carlo parameters
        Random seed:  0
        Temperature:  0.00000000
        Samples:  1
    Reading output parameters
        Output prefix:  ./output/test
        Write samples:  1
        Write clusters:  1
        Calculate and write RDFs:  0
        RDF delta:  0.02000000
        Calculate and write structure factor:  0
        Sk delta  0.01000000
        Sk max n  100
------------------------------------------------------------
Procrystal Generation - Monte Carlo
    Sample 0 generated in 75477 iterations
------------------------------------------------------------
Duration: 0.00000000 minutes
